[debug] [2020-08-21T00:45:56.735Z] ----------------------------------------------------------------------
[debug] [2020-08-21T00:45:56.737Z] Command:       C:\Program Files\nodejs\node.exe C:\Users\Owner\AppData\Roaming\npm\node_modules\firebase-tools\lib\bin\firebase.js deploy --only functions
[debug] [2020-08-21T00:45:56.737Z] CLI Version:   8.7.0
[debug] [2020-08-21T00:45:56.737Z] Platform:      win32
[debug] [2020-08-21T00:45:56.737Z] Node Version:  v12.18.3
[debug] [2020-08-21T00:45:56.744Z] Time:          Thu Aug 20 2020 19:45:56 GMT-0500 (Central Daylight Time)
[debug] [2020-08-21T00:45:56.744Z] ----------------------------------------------------------------------
[debug] [2020-08-21T00:45:56.744Z] 
[debug] [2020-08-21T00:45:56.755Z] > command requires scopes: ["email","openid","https://www.googleapis.com/auth/cloudplatformprojects.readonly","https://www.googleapis.com/auth/firebase","https://www.googleapis.com/auth/cloud-platform"]
[debug] [2020-08-21T00:45:56.755Z] > authorizing via signed-in user
[debug] [2020-08-21T00:45:56.755Z] [iam] checking project come-unity-b8326 for permissions ["cloudfunctions.functions.create","cloudfunctions.functions.delete","cloudfunctions.functions.get","cloudfunctions.functions.list","cloudfunctions.functions.update","cloudfunctions.operations.get","firebase.projects.get"]
[debug] [2020-08-21T00:45:56.760Z] > refreshing access token with scopes: ["email","https://www.googleapis.com/auth/cloud-platform","https://www.googleapis.com/auth/cloudplatformprojects.readonly","https://www.googleapis.com/auth/firebase","openid"]
[debug] [2020-08-21T00:45:56.760Z] >>> HTTP REQUEST POST https://www.googleapis.com/oauth2/v3/token  
 <request body omitted>
[debug] [2020-08-21T00:45:56.976Z] <<< HTTP RESPONSE 200 {"content-type":"application/json; charset=utf-8","vary":"X-Origin, Referer, Origin,Accept-Encoding","date":"Fri, 21 Aug 2020 00:45:58 GMT","server":"scaffolding on HTTPServer2","cache-control":"private","x-xss-protection":"0","x-frame-options":"SAMEORIGIN","x-content-type-options":"nosniff","alt-svc":"h3-29=\":443\"; ma=2592000,h3-27=\":443\"; ma=2592000,h3-T050=\":443\"; ma=2592000,h3-Q050=\":443\"; ma=2592000,h3-Q046=\":443\"; ma=2592000,h3-Q043=\":443\"; ma=2592000,quic=\":443\"; ma=2592000; v=\"46,43\"","accept-ranges":"none","transfer-encoding":"chunked"}
[debug] [2020-08-21T00:45:56.982Z] >>> HTTP REQUEST POST https://cloudresourcemanager.googleapis.com/v1/projects/come-unity-b8326:testIamPermissions  
 {"permissions":["cloudfunctions.functions.create","cloudfunctions.functions.delete","cloudfunctions.functions.get","cloudfunctions.functions.list","cloudfunctions.functions.update","cloudfunctions.operations.get","firebase.projects.get"]}
[debug] [2020-08-21T00:45:57.248Z] <<< HTTP RESPONSE 200 {"content-type":"application/json; charset=UTF-8","vary":"X-Origin, Referer, Origin,Accept-Encoding","date":"Fri, 21 Aug 2020 00:45:59 GMT","server":"ESF","cache-control":"private","x-xss-protection":"0","x-frame-options":"SAMEORIGIN","x-content-type-options":"nosniff","server-timing":"gfet4t7; dur=86","alt-svc":"h3-29=\":443\"; ma=2592000,h3-27=\":443\"; ma=2592000,h3-T050=\":443\"; ma=2592000,h3-Q050=\":443\"; ma=2592000,h3-Q046=\":443\"; ma=2592000,h3-Q043=\":443\"; ma=2592000,quic=\":443\"; ma=2592000; v=\"46,43\"","accept-ranges":"none","transfer-encoding":"chunked"}
[debug] [2020-08-21T00:45:57.252Z] >>> HTTP REQUEST POST https://iam.googleapis.com/v1/projects/come-unity-b8326/serviceAccounts/come-unity-b8326@appspot.gserviceaccount.com:testIamPermissions  
 {"permissions":["iam.serviceAccounts.actAs"]}
[debug] [2020-08-21T00:45:57.489Z] <<< HTTP RESPONSE 200 {"content-type":"application/json; charset=UTF-8","vary":"X-Origin, Referer, Origin,Accept-Encoding","date":"Fri, 21 Aug 2020 00:45:59 GMT","server":"ESF","cache-control":"private","x-xss-protection":"0","x-frame-options":"SAMEORIGIN","x-content-type-options":"nosniff","alt-svc":"h3-29=\":443\"; ma=2592000,h3-27=\":443\"; ma=2592000,h3-T050=\":443\"; ma=2592000,h3-Q050=\":443\"; ma=2592000,h3-Q046=\":443\"; ma=2592000,h3-Q043=\":443\"; ma=2592000,quic=\":443\"; ma=2592000; v=\"46,43\"","accept-ranges":"none","transfer-encoding":"chunked"}
[warn] !  functions: package.json indicates an outdated version of firebase-functions.
Please upgrade using npm install --save firebase-functions@latest in your functions directory. 
[info] 
[info] === Deploying to 'come-unity-b8326'...
[info] 
[info] i  deploying functions 
[debug] [2020-08-21T00:46:02.356Z] > [functions] package.json contents: {
  "name": "functions",
  "description": "Cloud Functions for Firebase",
  "scripts": {
    "serve": "firebase emulators:start --only functions",
    "shell": "firebase functions:shell",
    "start": "npm run shell",
    "deploy": "firebase deploy --only functions",
    "logs": "firebase functions:log"
  },
  "engines": {
    "node": "10"
  },
  "main": "index.js",
  "dependencies": {
    "firebase-admin": "^8.10.0",
    "firebase-functions": "^3.6.1"
  },
  "devDependencies": {
    "firebase-functions-test": "^0.2.0"
  },
  "private": true
}
[info] i  functions: ensuring required API cloudfunctions.googleapis.com is enabled... 
[info] i  functions: ensuring required API cloudbuild.googleapis.com is enabled... 
[debug] [2020-08-21T00:46:04.152Z] >>> HTTP REQUEST GET https://serviceusage.googleapis.com/v1/projects/come-unity-b8326/services/cloudfunctions.googleapis.com  
 
[debug] [2020-08-21T00:46:04.153Z] >>> HTTP REQUEST GET https://serviceusage.googleapis.com/v1/projects/come-unity-b8326/services/runtimeconfig.googleapis.com  
 
[debug] [2020-08-21T00:46:04.153Z] >>> HTTP REQUEST GET https://serviceusage.googleapis.com/v1/projects/come-unity-b8326/services/cloudbuild.googleapis.com  
 
[debug] [2020-08-21T00:46:04.506Z] <<< HTTP RESPONSE 200 {"content-type":"application/json; charset=UTF-8","vary":"X-Origin, Referer, Origin,Accept-Encoding","date":"Fri, 21 Aug 2020 00:46:06 GMT","server":"ESF","cache-control":"private","x-xss-protection":"0","x-frame-options":"SAMEORIGIN","x-content-type-options":"nosniff","alt-svc":"h3-29=\":443\"; ma=2592000,h3-27=\":443\"; ma=2592000,h3-T050=\":443\"; ma=2592000,h3-Q050=\":443\"; ma=2592000,h3-Q046=\":443\"; ma=2592000,h3-Q043=\":443\"; ma=2592000,quic=\":443\"; ma=2592000; v=\"46,43\"","accept-ranges":"none","transfer-encoding":"chunked"}
[info] +  functions: required API cloudbuild.googleapis.com is enabled 
[debug] [2020-08-21T00:46:04.515Z] <<< HTTP RESPONSE 200 {"content-type":"application/json; charset=UTF-8","vary":"X-Origin, Referer, Origin,Accept-Encoding","date":"Fri, 21 Aug 2020 00:46:06 GMT","server":"ESF","cache-control":"private","x-xss-protection":"0","x-frame-options":"SAMEORIGIN","x-content-type-options":"nosniff","alt-svc":"h3-29=\":443\"; ma=2592000,h3-27=\":443\"; ma=2592000,h3-T050=\":443\"; ma=2592000,h3-Q050=\":443\"; ma=2592000,h3-Q046=\":443\"; ma=2592000,h3-Q043=\":443\"; ma=2592000,quic=\":443\"; ma=2592000; v=\"46,43\"","accept-ranges":"none","transfer-encoding":"chunked"}
[debug] [2020-08-21T00:46:04.531Z] <<< HTTP RESPONSE 200 {"content-type":"application/json; charset=UTF-8","vary":"X-Origin, Referer, Origin,Accept-Encoding","date":"Fri, 21 Aug 2020 00:46:06 GMT","server":"ESF","cache-control":"private","x-xss-protection":"0","x-frame-options":"SAMEORIGIN","x-content-type-options":"nosniff","alt-svc":"h3-29=\":443\"; ma=2592000,h3-27=\":443\"; ma=2592000,h3-T050=\":443\"; ma=2592000,h3-Q050=\":443\"; ma=2592000,h3-Q046=\":443\"; ma=2592000,h3-Q043=\":443\"; ma=2592000,quic=\":443\"; ma=2592000; v=\"46,43\"","accept-ranges":"none","transfer-encoding":"chunked"}
[info] +  functions: required API cloudfunctions.googleapis.com is enabled 
[debug] [2020-08-21T00:46:04.533Z] >>> HTTP REQUEST GET https://firebase.googleapis.com/v1beta1/projects/come-unity-b8326/adminSdkConfig  
 
[debug] [2020-08-21T00:46:04.817Z] <<< HTTP RESPONSE 200 {"content-type":"application/json; charset=UTF-8","vary":"X-Origin, Referer, Origin,Accept-Encoding","date":"Fri, 21 Aug 2020 00:46:06 GMT","server":"ESF","cache-control":"private","x-xss-protection":"0","x-frame-options":"SAMEORIGIN","x-content-type-options":"nosniff","alt-svc":"h3-29=\":443\"; ma=2592000,h3-27=\":443\"; ma=2592000,h3-T050=\":443\"; ma=2592000,h3-Q050=\":443\"; ma=2592000,h3-Q046=\":443\"; ma=2592000,h3-Q043=\":443\"; ma=2592000,quic=\":443\"; ma=2592000; v=\"46,43\"","accept-ranges":"none","transfer-encoding":"chunked"}
[info] i  functions: preparing functions directory for uploading... 
[debug] [2020-08-21T00:46:04.823Z] >>> HTTP REQUEST GET https://runtimeconfig.googleapis.com/v1beta1/projects/come-unity-b8326/configs  
 
[debug] [2020-08-21T00:46:05.410Z] <<< HTTP RESPONSE 200 {"content-type":"application/json; charset=UTF-8","vary":"X-Origin, Referer, Origin,Accept-Encoding","date":"Fri, 21 Aug 2020 00:46:07 GMT","server":"ESF","cache-control":"private","x-xss-protection":"0","x-frame-options":"SAMEORIGIN","x-content-type-options":"nosniff","alt-svc":"h3-29=\":443\"; ma=2592000,h3-27=\":443\"; ma=2592000,h3-T050=\":443\"; ma=2592000,h3-Q050=\":443\"; ma=2592000,h3-Q046=\":443\"; ma=2592000,h3-Q043=\":443\"; ma=2592000,quic=\":443\"; ma=2592000; v=\"46,43\"","accept-ranges":"none","transfer-encoding":"chunked"}
[info] i  functions: packaged functions (27.33 KB) for uploading 
[debug] [2020-08-21T00:46:05.644Z] >>> HTTP REQUEST GET https://cloudfunctions.googleapis.com/v1/projects/come-unity-b8326/locations/-/functions  
 
[debug] [2020-08-21T00:46:06.286Z] <<< HTTP RESPONSE 200 {"content-type":"application/json; charset=UTF-8","vary":"X-Origin, Referer, Origin,Accept-Encoding","date":"Fri, 21 Aug 2020 00:46:08 GMT","server":"ESF","cache-control":"private","x-xss-protection":"0","x-frame-options":"SAMEORIGIN","x-content-type-options":"nosniff","alt-svc":"h3-29=\":443\"; ma=2592000,h3-27=\":443\"; ma=2592000,h3-T050=\":443\"; ma=2592000,h3-Q050=\":443\"; ma=2592000,h3-Q046=\":443\"; ma=2592000,h3-Q043=\":443\"; ma=2592000,quic=\":443\"; ma=2592000; v=\"46,43\"","accept-ranges":"none","transfer-encoding":"chunked"}
[debug] [2020-08-21T00:46:06.288Z] >>> HTTP REQUEST POST https://cloudfunctions.googleapis.com/v1/projects/come-unity-b8326/locations/us-central1/functions:generateUploadUrl  
 
[debug] [2020-08-21T00:46:07.179Z] <<< HTTP RESPONSE 200 {"content-type":"application/json; charset=UTF-8","vary":"X-Origin, Referer, Origin,Accept-Encoding","date":"Fri, 21 Aug 2020 00:46:08 GMT","server":"ESF","cache-control":"private","x-xss-protection":"0","x-frame-options":"SAMEORIGIN","x-content-type-options":"nosniff","alt-svc":"h3-29=\":443\"; ma=2592000,h3-27=\":443\"; ma=2592000,h3-T050=\":443\"; ma=2592000,h3-Q050=\":443\"; ma=2592000,h3-Q046=\":443\"; ma=2592000,h3-Q043=\":443\"; ma=2592000,quic=\":443\"; ma=2592000; v=\"46,43\"","accept-ranges":"none","transfer-encoding":"chunked"}
[debug] [2020-08-21T00:46:07.181Z] >>> HTTP REQUEST PUT https://storage.googleapis.com/gcf-upload-us-central1-2798a82b-9c62-41b2-af47-bfd641136d8a/428c1f6d-f1e7-412f-88ab-a2fd902f50d4.zip?GoogleAccessId=service-20996591600@gcf-admin-robot.iam.gserviceaccount.com&Expires=1597972568&Signature=IN57X61x9FGzEqYyk4AdrS3zSZTX1nLfraHUN%2Fy9ZogK%2FideKAQ74gLBB3vfbwnero9aqfCn0wSffR0ZPoi8k6OMAtLBiA2M6%2BVerY76V85PkVavk%2FIeeDm5Y5YVlFjjmkKl2k5XvYYOgW5y%2BKVN3JU4fL%2BvTBUKusCZ1GJQsam3kjMz7dRCVE5eOLSnQiWxdxY1hqaV1pRqdl1O3dPwARErZKLHfgstLBCsVZEysfVkdYFZP3i9Z0%2FNFgY9v3rIiC26L2mXwRbGUVpLagaSqlCPNid0ajHEx5bYjuynW4%2FDqEtsS6TZNJuZ%2BybuH5up9NFts3F768JUzzzawWn3%2Fw%3D%3D  
 <request body omitted>
[debug] [2020-08-21T00:46:07.522Z] <<< HTTP RESPONSE 200 {"x-guploader-uploadid":"AAANsUndmhRQnLMdLoOlkb_t8i5UOcJx7YZzjYDBXhHU7imuoMwyt79r2T-GhCjm0ANx97PjL8uRB7zUaXsEXXu3oQ","etag":"\"ef1ab63b7c3f21d9bb6794e5f0e325d2\"","x-goog-generation":"1597970769244150","x-goog-metageneration":"1","x-goog-hash":"crc32c=IKHPtw==, md5=7xq2O3w/Idm7Z5Tl8OMl0g==","x-goog-stored-content-length":"27988","x-goog-stored-content-encoding":"identity","vary":"Origin","content-length":"0","date":"Fri, 21 Aug 2020 00:46:09 GMT","server":"UploadServer","content-type":"text/html; charset=UTF-8","alt-svc":"h3-29=\":443\"; ma=2592000,h3-27=\":443\"; ma=2592000,h3-T050=\":443\"; ma=2592000,h3-Q050=\":443\"; ma=2592000,h3-Q046=\":443\"; ma=2592000,h3-Q043=\":443\"; ma=2592000,quic=\":443\"; ma=2592000; v=\"46,43\""}
[info] +  functions: functions folder uploaded successfully 
[info] i  functions: updating Node.js 10 function projectCreated(us-central1)... 
[debug] [2020-08-21T00:46:07.556Z] Trigger is:  {"eventTrigger":{"resource":"projects/come-unity-b8326/databases/(default)/documents/projects/{projectId}","eventType":"providers/cloud.firestore/eventTypes/document.create","service":"firestore.googleapis.com"}}
[info] i  functions: updating Node.js 10 function userJoined(us-central1)... 
[debug] [2020-08-21T00:46:07.560Z] Trigger is:  {"eventTrigger":{"resource":"projects/come-unity-b8326","eventType":"providers/firebase.auth/eventTypes/user.create","service":"firebaseauth.googleapis.com"}}
[debug] [2020-08-21T00:46:07.569Z] >>> HTTP REQUEST PATCH https://cloudfunctions.googleapis.com/v1/projects/come-unity-b8326/locations/us-central1/functions/projectCreated {"updateMask":"sourceUploadUrl,name,labels,runtime,environmentVariables,eventTrigger.resource,eventTrigger.eventType,eventTrigger.service"} 
 {"sourceUploadUrl":"https://storage.googleapis.com/gcf-upload-us-central1-2798a82b-9c62-41b2-af47-bfd641136d8a/428c1f6d-f1e7-412f-88ab-a2fd902f50d4.zip?GoogleAccessId=service-20996591600@gcf-admin-robot.iam.gserviceaccount.com&Expires=1597972568&Signature=IN57X61x9FGzEqYyk4AdrS3zSZTX1nLfraHUN%2Fy9ZogK%2FideKAQ74gLBB3vfbwnero9aqfCn0wSffR0ZPoi8k6OMAtLBiA2M6%2BVerY76V85PkVavk%2FIeeDm5Y5YVlFjjmkKl2k5XvYYOgW5y%2BKVN3JU4fL%2BvTBUKusCZ1GJQsam3kjMz7dRCVE5eOLSnQiWxdxY1hqaV1pRqdl1O3dPwARErZKLHfgstLBCsVZEysfVkdYFZP3i9Z0%2FNFgY9v3rIiC26L2mXwRbGUVpLagaSqlCPNid0ajHEx5bYjuynW4%2FDqEtsS6TZNJuZ%2BybuH5up9NFts3F768JUzzzawWn3%2Fw%3D%3D","name":"projects/come-unity-b8326/locations/us-central1/functions/projectCreated","labels":{"deployment-tool":"cli-firebase"},"eventTrigger":{"resource":"projects/come-unity-b8326/databases/(default)/documents/projects/{projectId}","eventType":"providers/cloud.firestore/eventTypes/document.create","service":"firestore.googleapis.com"},"runtime":"nodejs10","environmentVariables":{"FIREBASE_CONFIG":"{\"projectId\":\"come-unity-b8326\",\"databaseURL\":\"https://come-unity-b8326.firebaseio.com\",\"storageBucket\":\"come-unity-b8326.appspot.com\",\"locationId\":\"us-central\"}"}}
[debug] [2020-08-21T00:46:07.571Z] >>> HTTP REQUEST PATCH https://cloudfunctions.googleapis.com/v1/projects/come-unity-b8326/locations/us-central1/functions/userJoined {"updateMask":"sourceUploadUrl,name,labels,runtime,environmentVariables,eventTrigger.resource,eventTrigger.eventType,eventTrigger.service"} 
 {"sourceUploadUrl":"https://storage.googleapis.com/gcf-upload-us-central1-2798a82b-9c62-41b2-af47-bfd641136d8a/428c1f6d-f1e7-412f-88ab-a2fd902f50d4.zip?GoogleAccessId=service-20996591600@gcf-admin-robot.iam.gserviceaccount.com&Expires=1597972568&Signature=IN57X61x9FGzEqYyk4AdrS3zSZTX1nLfraHUN%2Fy9ZogK%2FideKAQ74gLBB3vfbwnero9aqfCn0wSffR0ZPoi8k6OMAtLBiA2M6%2BVerY76V85PkVavk%2FIeeDm5Y5YVlFjjmkKl2k5XvYYOgW5y%2BKVN3JU4fL%2BvTBUKusCZ1GJQsam3kjMz7dRCVE5eOLSnQiWxdxY1hqaV1pRqdl1O3dPwARErZKLHfgstLBCsVZEysfVkdYFZP3i9Z0%2FNFgY9v3rIiC26L2mXwRbGUVpLagaSqlCPNid0ajHEx5bYjuynW4%2FDqEtsS6TZNJuZ%2BybuH5up9NFts3F768JUzzzawWn3%2Fw%3D%3D","name":"projects/come-unity-b8326/locations/us-central1/functions/userJoined","labels":{"deployment-tool":"cli-firebase"},"eventTrigger":{"resource":"projects/come-unity-b8326","eventType":"providers/firebase.auth/eventTypes/user.create","service":"firebaseauth.googleapis.com"},"runtime":"nodejs10","environmentVariables":{"FIREBASE_CONFIG":"{\"projectId\":\"come-unity-b8326\",\"databaseURL\":\"https://come-unity-b8326.firebaseio.com\",\"storageBucket\":\"come-unity-b8326.appspot.com\",\"locationId\":\"us-central\"}"}}
[debug] [2020-08-21T00:46:08.343Z] <<< HTTP RESPONSE 200 {"content-type":"application/json; charset=UTF-8","vary":"X-Origin, Referer, Origin,Accept-Encoding","date":"Fri, 21 Aug 2020 00:46:10 GMT","server":"ESF","cache-control":"private","x-xss-protection":"0","x-frame-options":"SAMEORIGIN","x-content-type-options":"nosniff","alt-svc":"h3-29=\":443\"; ma=2592000,h3-27=\":443\"; ma=2592000,h3-T050=\":443\"; ma=2592000,h3-Q050=\":443\"; ma=2592000,h3-Q046=\":443\"; ma=2592000,h3-Q043=\":443\"; ma=2592000,quic=\":443\"; ma=2592000; v=\"46,43\"","accept-ranges":"none","transfer-encoding":"chunked"}
[debug] [2020-08-21T00:46:08.359Z] <<< HTTP RESPONSE 200 {"content-type":"application/json; charset=UTF-8","vary":"X-Origin, Referer, Origin,Accept-Encoding","date":"Fri, 21 Aug 2020 00:46:10 GMT","server":"ESF","cache-control":"private","x-xss-protection":"0","x-frame-options":"SAMEORIGIN","x-content-type-options":"nosniff","alt-svc":"h3-29=\":443\"; ma=2592000,h3-27=\":443\"; ma=2592000,h3-T050=\":443\"; ma=2592000,h3-Q050=\":443\"; ma=2592000,h3-Q046=\":443\"; ma=2592000,h3-Q043=\":443\"; ma=2592000,quic=\":443\"; ma=2592000; v=\"46,43\"","accept-ranges":"none","transfer-encoding":"chunked"}
[debug] [2020-08-21T00:46:08.364Z] >>> HTTP REQUEST GET https://cloudfunctions.googleapis.com/v1/operations/Y29tZS11bml0eS1iODMyNi91cy1jZW50cmFsMS9wcm9qZWN0Q3JlYXRlZC9PQ0JQek1GM3czVQ  
 
[debug] [2020-08-21T00:46:08.365Z] >>> HTTP REQUEST GET https://cloudfunctions.googleapis.com/v1/operations/Y29tZS11bml0eS1iODMyNi91cy1jZW50cmFsMS91c2VySm9pbmVkL25JVDBEQ2ozbWxR  
 
[debug] [2020-08-21T00:46:08.587Z] <<< HTTP RESPONSE 200 {"content-type":"application/json; charset=UTF-8","vary":"X-Origin, Referer, Origin,Accept-Encoding","date":"Fri, 21 Aug 2020 00:46:10 GMT","server":"ESF","cache-control":"private","x-xss-protection":"0","x-frame-options":"SAMEORIGIN","x-content-type-options":"nosniff","alt-svc":"h3-29=\":443\"; ma=2592000,h3-27=\":443\"; ma=2592000,h3-T050=\":443\"; ma=2592000,h3-Q050=\":443\"; ma=2592000,h3-Q046=\":443\"; ma=2592000,h3-Q043=\":443\"; ma=2592000,quic=\":443\"; ma=2592000; v=\"46,43\"","accept-ranges":"none","transfer-encoding":"chunked"}
[debug] [2020-08-21T00:46:08.789Z] <<< HTTP RESPONSE 200 {"content-type":"application/json; charset=UTF-8","vary":"X-Origin, Referer, Origin,Accept-Encoding","date":"Fri, 21 Aug 2020 00:46:10 GMT","server":"ESF","cache-control":"private","x-xss-protection":"0","x-frame-options":"SAMEORIGIN","x-content-type-options":"nosniff","alt-svc":"h3-29=\":443\"; ma=2592000,h3-27=\":443\"; ma=2592000,h3-T050=\":443\"; ma=2592000,h3-Q050=\":443\"; ma=2592000,h3-Q046=\":443\"; ma=2592000,h3-Q043=\":443\"; ma=2592000,quic=\":443\"; ma=2592000; v=\"46,43\"","accept-ranges":"none","transfer-encoding":"chunked"}
[debug] [2020-08-21T00:46:10.590Z] >>> HTTP REQUEST GET https://cloudfunctions.googleapis.com/v1/operations/Y29tZS11bml0eS1iODMyNi91cy1jZW50cmFsMS9wcm9qZWN0Q3JlYXRlZC9PQ0JQek1GM3czVQ  
 
[debug] [2020-08-21T00:46:10.792Z] >>> HTTP REQUEST GET https://cloudfunctions.googleapis.com/v1/operations/Y29tZS11bml0eS1iODMyNi91cy1jZW50cmFsMS91c2VySm9pbmVkL25JVDBEQ2ozbWxR  
 
[debug] [2020-08-21T00:46:10.851Z] <<< HTTP RESPONSE 200 {"content-type":"application/json; charset=UTF-8","vary":"X-Origin, Referer, Origin,Accept-Encoding","date":"Fri, 21 Aug 2020 00:46:12 GMT","server":"ESF","cache-control":"private","x-xss-protection":"0","x-frame-options":"SAMEORIGIN","x-content-type-options":"nosniff","alt-svc":"h3-29=\":443\"; ma=2592000,h3-27=\":443\"; ma=2592000,h3-T050=\":443\"; ma=2592000,h3-Q050=\":443\"; ma=2592000,h3-Q046=\":443\"; ma=2592000,h3-Q043=\":443\"; ma=2592000,quic=\":443\"; ma=2592000; v=\"46,43\"","accept-ranges":"none","transfer-encoding":"chunked"}
[debug] [2020-08-21T00:46:11.011Z] <<< HTTP RESPONSE 200 {"content-type":"application/json; charset=UTF-8","vary":"X-Origin, Referer, Origin,Accept-Encoding","date":"Fri, 21 Aug 2020 00:46:12 GMT","server":"ESF","cache-control":"private","x-xss-protection":"0","x-frame-options":"SAMEORIGIN","x-content-type-options":"nosniff","alt-svc":"h3-29=\":443\"; ma=2592000,h3-27=\":443\"; ma=2592000,h3-T050=\":443\"; ma=2592000,h3-Q050=\":443\"; ma=2592000,h3-Q046=\":443\"; ma=2592000,h3-Q043=\":443\"; ma=2592000,quic=\":443\"; ma=2592000; v=\"46,43\"","accept-ranges":"none","transfer-encoding":"chunked"}
[debug] [2020-08-21T00:46:12.852Z] >>> HTTP REQUEST GET https://cloudfunctions.googleapis.com/v1/operations/Y29tZS11bml0eS1iODMyNi91cy1jZW50cmFsMS9wcm9qZWN0Q3JlYXRlZC9PQ0JQek1GM3czVQ  
 
[debug] [2020-08-21T00:46:13.013Z] >>> HTTP REQUEST GET https://cloudfunctions.googleapis.com/v1/operations/Y29tZS11bml0eS1iODMyNi91cy1jZW50cmFsMS91c2VySm9pbmVkL25JVDBEQ2ozbWxR  
 
[debug] [2020-08-21T00:46:13.368Z] <<< HTTP RESPONSE 200 {"content-type":"application/json; charset=UTF-8","vary":"X-Origin, Referer, Origin,Accept-Encoding","date":"Fri, 21 Aug 2020 00:46:15 GMT","server":"ESF","cache-control":"private","x-xss-protection":"0","x-frame-options":"SAMEORIGIN","x-content-type-options":"nosniff","alt-svc":"h3-29=\":443\"; ma=2592000,h3-27=\":443\"; ma=2592000,h3-T050=\":443\"; ma=2592000,h3-Q050=\":443\"; ma=2592000,h3-Q046=\":443\"; ma=2592000,h3-Q043=\":443\"; ma=2592000,quic=\":443\"; ma=2592000; v=\"46,43\"","accept-ranges":"none","transfer-encoding":"chunked"}
[debug] [2020-08-21T00:46:13.370Z] <<< HTTP RESPONSE 200 {"content-type":"application/json; charset=UTF-8","vary":"X-Origin, Referer, Origin,Accept-Encoding","date":"Fri, 21 Aug 2020 00:46:15 GMT","server":"ESF","cache-control":"private","x-xss-protection":"0","x-frame-options":"SAMEORIGIN","x-content-type-options":"nosniff","alt-svc":"h3-29=\":443\"; ma=2592000,h3-27=\":443\"; ma=2592000,h3-T050=\":443\"; ma=2592000,h3-Q050=\":443\"; ma=2592000,h3-Q046=\":443\"; ma=2592000,h3-Q043=\":443\"; ma=2592000,quic=\":443\"; ma=2592000; v=\"46,43\"","accept-ranges":"none","transfer-encoding":"chunked"}
[debug] [2020-08-21T00:46:15.371Z] >>> HTTP REQUEST GET https://cloudfunctions.googleapis.com/v1/operations/Y29tZS11bml0eS1iODMyNi91cy1jZW50cmFsMS9wcm9qZWN0Q3JlYXRlZC9PQ0JQek1GM3czVQ  
 
[debug] [2020-08-21T00:46:15.380Z] >>> HTTP REQUEST GET https://cloudfunctions.googleapis.com/v1/operations/Y29tZS11bml0eS1iODMyNi91cy1jZW50cmFsMS91c2VySm9pbmVkL25JVDBEQ2ozbWxR  
 
[debug] [2020-08-21T00:46:15.601Z] <<< HTTP RESPONSE 200 {"content-type":"application/json; charset=UTF-8","vary":"X-Origin, Referer, Origin,Accept-Encoding","date":"Fri, 21 Aug 2020 00:46:17 GMT","server":"ESF","cache-control":"private","x-xss-protection":"0","x-frame-options":"SAMEORIGIN","x-content-type-options":"nosniff","alt-svc":"h3-29=\":443\"; ma=2592000,h3-27=\":443\"; ma=2592000,h3-T050=\":443\"; ma=2592000,h3-Q050=\":443\"; ma=2592000,h3-Q046=\":443\"; ma=2592000,h3-Q043=\":443\"; ma=2592000,quic=\":443\"; ma=2592000; v=\"46,43\"","accept-ranges":"none","transfer-encoding":"chunked"}
[debug] [2020-08-21T00:46:15.664Z] <<< HTTP RESPONSE 200 {"content-type":"application/json; charset=UTF-8","vary":"X-Origin, Referer, Origin,Accept-Encoding","date":"Fri, 21 Aug 2020 00:46:17 GMT","server":"ESF","cache-control":"private","x-xss-protection":"0","x-frame-options":"SAMEORIGIN","x-content-type-options":"nosniff","alt-svc":"h3-29=\":443\"; ma=2592000,h3-27=\":443\"; ma=2592000,h3-T050=\":443\"; ma=2592000,h3-Q050=\":443\"; ma=2592000,h3-Q046=\":443\"; ma=2592000,h3-Q043=\":443\"; ma=2592000,quic=\":443\"; ma=2592000; v=\"46,43\"","accept-ranges":"none","transfer-encoding":"chunked"}
[debug] [2020-08-21T00:46:17.603Z] >>> HTTP REQUEST GET https://cloudfunctions.googleapis.com/v1/operations/Y29tZS11bml0eS1iODMyNi91cy1jZW50cmFsMS91c2VySm9pbmVkL25JVDBEQ2ozbWxR  
 
[debug] [2020-08-21T00:46:17.666Z] >>> HTTP REQUEST GET https://cloudfunctions.googleapis.com/v1/operations/Y29tZS11bml0eS1iODMyNi91cy1jZW50cmFsMS9wcm9qZWN0Q3JlYXRlZC9PQ0JQek1GM3czVQ  
 
[debug] [2020-08-21T00:46:17.819Z] <<< HTTP RESPONSE 200 {"content-type":"application/json; charset=UTF-8","vary":"X-Origin, Referer, Origin,Accept-Encoding","date":"Fri, 21 Aug 2020 00:46:19 GMT","server":"ESF","cache-control":"private","x-xss-protection":"0","x-frame-options":"SAMEORIGIN","x-content-type-options":"nosniff","alt-svc":"h3-29=\":443\"; ma=2592000,h3-27=\":443\"; ma=2592000,h3-T050=\":443\"; ma=2592000,h3-Q050=\":443\"; ma=2592000,h3-Q046=\":443\"; ma=2592000,h3-Q043=\":443\"; ma=2592000,quic=\":443\"; ma=2592000; v=\"46,43\"","accept-ranges":"none","transfer-encoding":"chunked"}
[debug] [2020-08-21T00:46:17.868Z] <<< HTTP RESPONSE 200 {"content-type":"application/json; charset=UTF-8","vary":"X-Origin, Referer, Origin,Accept-Encoding","date":"Fri, 21 Aug 2020 00:46:19 GMT","server":"ESF","cache-control":"private","x-xss-protection":"0","x-frame-options":"SAMEORIGIN","x-content-type-options":"nosniff","alt-svc":"h3-29=\":443\"; ma=2592000,h3-27=\":443\"; ma=2592000,h3-T050=\":443\"; ma=2592000,h3-Q050=\":443\"; ma=2592000,h3-Q046=\":443\"; ma=2592000,h3-Q043=\":443\"; ma=2592000,quic=\":443\"; ma=2592000; v=\"46,43\"","accept-ranges":"none","transfer-encoding":"chunked"}
[debug] [2020-08-21T00:46:19.822Z] >>> HTTP REQUEST GET https://cloudfunctions.googleapis.com/v1/operations/Y29tZS11bml0eS1iODMyNi91cy1jZW50cmFsMS91c2VySm9pbmVkL25JVDBEQ2ozbWxR  
 
[debug] [2020-08-21T00:46:19.870Z] >>> HTTP REQUEST GET https://cloudfunctions.googleapis.com/v1/operations/Y29tZS11bml0eS1iODMyNi91cy1jZW50cmFsMS9wcm9qZWN0Q3JlYXRlZC9PQ0JQek1GM3czVQ  
 
[debug] [2020-08-21T00:46:20.093Z] <<< HTTP RESPONSE 200 {"content-type":"application/json; charset=UTF-8","vary":"X-Origin, Referer, Origin,Accept-Encoding","date":"Fri, 21 Aug 2020 00:46:21 GMT","server":"ESF","cache-control":"private","x-xss-protection":"0","x-frame-options":"SAMEORIGIN","x-content-type-options":"nosniff","alt-svc":"h3-29=\":443\"; ma=2592000,h3-27=\":443\"; ma=2592000,h3-T050=\":443\"; ma=2592000,h3-Q050=\":443\"; ma=2592000,h3-Q046=\":443\"; ma=2592000,h3-Q043=\":443\"; ma=2592000,quic=\":443\"; ma=2592000; v=\"46,43\"","accept-ranges":"none","transfer-encoding":"chunked"}
[debug] [2020-08-21T00:46:20.118Z] <<< HTTP RESPONSE 200 {"content-type":"application/json; charset=UTF-8","vary":"X-Origin, Referer, Origin,Accept-Encoding","date":"Fri, 21 Aug 2020 00:46:21 GMT","server":"ESF","cache-control":"private","x-xss-protection":"0","x-frame-options":"SAMEORIGIN","x-content-type-options":"nosniff","alt-svc":"h3-29=\":443\"; ma=2592000,h3-27=\":443\"; ma=2592000,h3-T050=\":443\"; ma=2592000,h3-Q050=\":443\"; ma=2592000,h3-Q046=\":443\"; ma=2592000,h3-Q043=\":443\"; ma=2592000,quic=\":443\"; ma=2592000; v=\"46,43\"","accept-ranges":"none","transfer-encoding":"chunked"}
[debug] [2020-08-21T00:46:22.095Z] >>> HTTP REQUEST GET https://cloudfunctions.googleapis.com/v1/operations/Y29tZS11bml0eS1iODMyNi91cy1jZW50cmFsMS91c2VySm9pbmVkL25JVDBEQ2ozbWxR  
 
[debug] [2020-08-21T00:46:22.120Z] >>> HTTP REQUEST GET https://cloudfunctions.googleapis.com/v1/operations/Y29tZS11bml0eS1iODMyNi91cy1jZW50cmFsMS9wcm9qZWN0Q3JlYXRlZC9PQ0JQek1GM3czVQ  
 
[debug] [2020-08-21T00:46:22.338Z] <<< HTTP RESPONSE 200 {"content-type":"application/json; charset=UTF-8","vary":"X-Origin, Referer, Origin,Accept-Encoding","date":"Fri, 21 Aug 2020 00:46:24 GMT","server":"ESF","cache-control":"private","x-xss-protection":"0","x-frame-options":"SAMEORIGIN","x-content-type-options":"nosniff","alt-svc":"h3-29=\":443\"; ma=2592000,h3-27=\":443\"; ma=2592000,h3-T050=\":443\"; ma=2592000,h3-Q050=\":443\"; ma=2592000,h3-Q046=\":443\"; ma=2592000,h3-Q043=\":443\"; ma=2592000,quic=\":443\"; ma=2592000; v=\"46,43\"","accept-ranges":"none","transfer-encoding":"chunked"}
[debug] [2020-08-21T00:46:22.582Z] <<< HTTP RESPONSE 200 {"content-type":"application/json; charset=UTF-8","vary":"X-Origin, Referer, Origin,Accept-Encoding","date":"Fri, 21 Aug 2020 00:46:24 GMT","server":"ESF","cache-control":"private","x-xss-protection":"0","x-frame-options":"SAMEORIGIN","x-content-type-options":"nosniff","alt-svc":"h3-29=\":443\"; ma=2592000,h3-27=\":443\"; ma=2592000,h3-T050=\":443\"; ma=2592000,h3-Q050=\":443\"; ma=2592000,h3-Q046=\":443\"; ma=2592000,h3-Q043=\":443\"; ma=2592000,quic=\":443\"; ma=2592000; v=\"46,43\"","accept-ranges":"none","transfer-encoding":"chunked"}
[debug] [2020-08-21T00:46:24.341Z] >>> HTTP REQUEST GET https://cloudfunctions.googleapis.com/v1/operations/Y29tZS11bml0eS1iODMyNi91cy1jZW50cmFsMS9wcm9qZWN0Q3JlYXRlZC9PQ0JQek1GM3czVQ  
 
[debug] [2020-08-21T00:46:24.577Z] <<< HTTP RESPONSE 200 {"content-type":"application/json; charset=UTF-8","vary":"X-Origin, Referer, Origin,Accept-Encoding","date":"Fri, 21 Aug 2020 00:46:26 GMT","server":"ESF","cache-control":"private","x-xss-protection":"0","x-frame-options":"SAMEORIGIN","x-content-type-options":"nosniff","alt-svc":"h3-29=\":443\"; ma=2592000,h3-27=\":443\"; ma=2592000,h3-T050=\":443\"; ma=2592000,h3-Q050=\":443\"; ma=2592000,h3-Q046=\":443\"; ma=2592000,h3-Q043=\":443\"; ma=2592000,quic=\":443\"; ma=2592000; v=\"46,43\"","accept-ranges":"none","transfer-encoding":"chunked"}
[debug] [2020-08-21T00:46:24.584Z] >>> HTTP REQUEST GET https://cloudfunctions.googleapis.com/v1/operations/Y29tZS11bml0eS1iODMyNi91cy1jZW50cmFsMS91c2VySm9pbmVkL25JVDBEQ2ozbWxR  
 
[debug] [2020-08-21T00:46:24.835Z] <<< HTTP RESPONSE 200 {"content-type":"application/json; charset=UTF-8","vary":"X-Origin, Referer, Origin,Accept-Encoding","date":"Fri, 21 Aug 2020 00:46:26 GMT","server":"ESF","cache-control":"private","x-xss-protection":"0","x-frame-options":"SAMEORIGIN","x-content-type-options":"nosniff","alt-svc":"h3-29=\":443\"; ma=2592000,h3-27=\":443\"; ma=2592000,h3-T050=\":443\"; ma=2592000,h3-Q050=\":443\"; ma=2592000,h3-Q046=\":443\"; ma=2592000,h3-Q043=\":443\"; ma=2592000,quic=\":443\"; ma=2592000; v=\"46,43\"","accept-ranges":"none","transfer-encoding":"chunked"}
[debug] [2020-08-21T00:46:26.578Z] >>> HTTP REQUEST GET https://cloudfunctions.googleapis.com/v1/operations/Y29tZS11bml0eS1iODMyNi91cy1jZW50cmFsMS9wcm9qZWN0Q3JlYXRlZC9PQ0JQek1GM3czVQ  
 
[debug] [2020-08-21T00:46:26.811Z] <<< HTTP RESPONSE 200 {"content-type":"application/json; charset=UTF-8","vary":"X-Origin, Referer, Origin,Accept-Encoding","date":"Fri, 21 Aug 2020 00:46:28 GMT","server":"ESF","cache-control":"private","x-xss-protection":"0","x-frame-options":"SAMEORIGIN","x-content-type-options":"nosniff","alt-svc":"h3-29=\":443\"; ma=2592000,h3-27=\":443\"; ma=2592000,h3-T050=\":443\"; ma=2592000,h3-Q050=\":443\"; ma=2592000,h3-Q046=\":443\"; ma=2592000,h3-Q043=\":443\"; ma=2592000,quic=\":443\"; ma=2592000; v=\"46,43\"","accept-ranges":"none","transfer-encoding":"chunked"}
[debug] [2020-08-21T00:46:26.837Z] >>> HTTP REQUEST GET https://cloudfunctions.googleapis.com/v1/operations/Y29tZS11bml0eS1iODMyNi91cy1jZW50cmFsMS91c2VySm9pbmVkL25JVDBEQ2ozbWxR  
 
[debug] [2020-08-21T00:46:27.072Z] <<< HTTP RESPONSE 200 {"content-type":"application/json; charset=UTF-8","vary":"X-Origin, Referer, Origin,Accept-Encoding","date":"Fri, 21 Aug 2020 00:46:28 GMT","server":"ESF","cache-control":"private","x-xss-protection":"0","x-frame-options":"SAMEORIGIN","x-content-type-options":"nosniff","alt-svc":"h3-29=\":443\"; ma=2592000,h3-27=\":443\"; ma=2592000,h3-T050=\":443\"; ma=2592000,h3-Q050=\":443\"; ma=2592000,h3-Q046=\":443\"; ma=2592000,h3-Q043=\":443\"; ma=2592000,quic=\":443\"; ma=2592000; v=\"46,43\"","accept-ranges":"none","transfer-encoding":"chunked"}
[debug] [2020-08-21T00:46:28.813Z] >>> HTTP REQUEST GET https://cloudfunctions.googleapis.com/v1/operations/Y29tZS11bml0eS1iODMyNi91cy1jZW50cmFsMS9wcm9qZWN0Q3JlYXRlZC9PQ0JQek1GM3czVQ  
 
[debug] [2020-08-21T00:46:29.085Z] >>> HTTP REQUEST GET https://cloudfunctions.googleapis.com/v1/operations/Y29tZS11bml0eS1iODMyNi91cy1jZW50cmFsMS91c2VySm9pbmVkL25JVDBEQ2ozbWxR  
 
[debug] [2020-08-21T00:46:29.090Z] <<< HTTP RESPONSE 200 {"content-type":"application/json; charset=UTF-8","vary":"X-Origin, Referer, Origin,Accept-Encoding","date":"Fri, 21 Aug 2020 00:46:30 GMT","server":"ESF","cache-control":"private","x-xss-protection":"0","x-frame-options":"SAMEORIGIN","x-content-type-options":"nosniff","alt-svc":"h3-29=\":443\"; ma=2592000,h3-27=\":443\"; ma=2592000,h3-T050=\":443\"; ma=2592000,h3-Q050=\":443\"; ma=2592000,h3-Q046=\":443\"; ma=2592000,h3-Q043=\":443\"; ma=2592000,quic=\":443\"; ma=2592000; v=\"46,43\"","accept-ranges":"none","transfer-encoding":"chunked"}
[debug] [2020-08-21T00:46:29.348Z] <<< HTTP RESPONSE 200 {"content-type":"application/json; charset=UTF-8","vary":"X-Origin, Referer, Origin,Accept-Encoding","date":"Fri, 21 Aug 2020 00:46:31 GMT","server":"ESF","cache-control":"private","x-xss-protection":"0","x-frame-options":"SAMEORIGIN","x-content-type-options":"nosniff","alt-svc":"h3-29=\":443\"; ma=2592000,h3-27=\":443\"; ma=2592000,h3-T050=\":443\"; ma=2592000,h3-Q050=\":443\"; ma=2592000,h3-Q046=\":443\"; ma=2592000,h3-Q043=\":443\"; ma=2592000,quic=\":443\"; ma=2592000; v=\"46,43\"","accept-ranges":"none","transfer-encoding":"chunked"}
[debug] [2020-08-21T00:46:31.093Z] >>> HTTP REQUEST GET https://cloudfunctions.googleapis.com/v1/operations/Y29tZS11bml0eS1iODMyNi91cy1jZW50cmFsMS9wcm9qZWN0Q3JlYXRlZC9PQ0JQek1GM3czVQ  
 
[debug] [2020-08-21T00:46:31.293Z] <<< HTTP RESPONSE 200 {"content-type":"application/json; charset=UTF-8","vary":"X-Origin, Referer, Origin,Accept-Encoding","date":"Fri, 21 Aug 2020 00:46:33 GMT","server":"ESF","cache-control":"private","x-xss-protection":"0","x-frame-options":"SAMEORIGIN","x-content-type-options":"nosniff","alt-svc":"h3-29=\":443\"; ma=2592000,h3-27=\":443\"; ma=2592000,h3-T050=\":443\"; ma=2592000,h3-Q050=\":443\"; ma=2592000,h3-Q046=\":443\"; ma=2592000,h3-Q043=\":443\"; ma=2592000,quic=\":443\"; ma=2592000; v=\"46,43\"","accept-ranges":"none","transfer-encoding":"chunked"}
[debug] [2020-08-21T00:46:31.350Z] >>> HTTP REQUEST GET https://cloudfunctions.googleapis.com/v1/operations/Y29tZS11bml0eS1iODMyNi91cy1jZW50cmFsMS91c2VySm9pbmVkL25JVDBEQ2ozbWxR  
 
[debug] [2020-08-21T00:46:31.542Z] <<< HTTP RESPONSE 200 {"content-type":"application/json; charset=UTF-8","vary":"X-Origin, Referer, Origin,Accept-Encoding","date":"Fri, 21 Aug 2020 00:46:33 GMT","server":"ESF","cache-control":"private","x-xss-protection":"0","x-frame-options":"SAMEORIGIN","x-content-type-options":"nosniff","alt-svc":"h3-29=\":443\"; ma=2592000,h3-27=\":443\"; ma=2592000,h3-T050=\":443\"; ma=2592000,h3-Q050=\":443\"; ma=2592000,h3-Q046=\":443\"; ma=2592000,h3-Q043=\":443\"; ma=2592000,quic=\":443\"; ma=2592000; v=\"46,43\"","accept-ranges":"none","transfer-encoding":"chunked"}
